The system is: Linux - 5.15.153.1-microsoft-standard-WSL2 - x86_64
Compiling the C compiler identification source file "CMakeCCompilerId.c" succeeded.
Compiler: /usr/bin/cc 
Build flags: 
Id flags:  

The output was:
0


Compilation of the C compiler identification source "CMakeCCompilerId.c" produced "a.out"

The C compiler identification is GNU, found in "/home/omar/source/repos/open62541_bindings/open62541_build/CMakeFiles/3.25.1/CompilerIdC/a.out"

Detecting C compiler ABI info compiled with the following output:
Change Dir: /home/omar/source/repos/open62541_bindings/open62541_build/CMakeFiles/CMakeScratch/TryCompile-fRnSNw

Run Build Command(s):/usr/bin/gmake -f Makefile cmTC_9f677/fast && /usr/bin/gmake  -f CMakeFiles/cmTC_9f677.dir/build.make CMakeFiles/cmTC_9f677.dir/build
gmake[1]: Entering directory '/home/omar/source/repos/open62541_bindings/open62541_build/CMakeFiles/CMakeScratch/TryCompile-fRnSNw'
Building C object CMakeFiles/cmTC_9f677.dir/CMakeCCompilerABI.c.o
/usr/bin/cc   -v -o CMakeFiles/cmTC_9f677.dir/CMakeCCompilerABI.c.o -c /usr/share/cmake-3.25/Modules/CMakeCCompilerABI.c
Using built-in specs.
COLLECT_GCC=/usr/bin/cc
OFFLOAD_TARGET_NAMES=nvptx-none:amdgcn-amdhsa
OFFLOAD_TARGET_DEFAULT=1
Target: x86_64-linux-gnu
Configured with: ../src/configure -v --with-pkgversion='Debian 12.2.0-14' --with-bugurl=file:///usr/share/doc/gcc-12/README.Bugs --enable-languages=c,ada,c++,go,d,fortran,objc,obj-c++,m2 --prefix=/usr --with-gcc-major-version-only --program-suffix=-12 --program-prefix=x86_64-linux-gnu- --enable-shared --enable-linker-build-id --libexecdir=/usr/lib --without-included-gettext --enable-threads=posix --libdir=/usr/lib --enable-nls --enable-clocale=gnu --enable-libstdcxx-debug --enable-libstdcxx-time=yes --with-default-libstdcxx-abi=new --enable-gnu-unique-object --disable-vtable-verify --enable-plugin --enable-default-pie --with-system-zlib --enable-libphobos-checking=release --with-target-system-zlib=auto --enable-objc-gc=auto --enable-multiarch --disable-werror --enable-cet --with-arch-32=i686 --with-abi=m64 --with-multilib-list=m32,m64,mx32 --enable-multilib --with-tune=generic --enable-offload-targets=nvptx-none=/build/gcc-12-bTRWOB/gcc-12-12.2.0/debian/tmp-nvptx/usr,amdgcn-amdhsa=/build/gcc-12-bTRWOB/gcc-12-12.2.0/debian/tmp-gcn/usr --enable-offload-defaulted --without-cuda-driver --enable-checking=release --build=x86_64-linux-gnu --host=x86_64-linux-gnu --target=x86_64-linux-gnu
Thread model: posix
Supported LTO compression algorithms: zlib zstd
gcc version 12.2.0 (Debian 12.2.0-14) 
COLLECT_GCC_OPTIONS='-v' '-o' 'CMakeFiles/cmTC_9f677.dir/CMakeCCompilerABI.c.o' '-c' '-mtune=generic' '-march=x86-64' '-dumpdir' 'CMakeFiles/cmTC_9f677.dir/'
 /usr/lib/gcc/x86_64-linux-gnu/12/cc1 -quiet -v -imultiarch x86_64-linux-gnu /usr/share/cmake-3.25/Modules/CMakeCCompilerABI.c -quiet -dumpdir CMakeFiles/cmTC_9f677.dir/ -dumpbase CMakeCCompilerABI.c.c -dumpbase-ext .c -mtune=generic -march=x86-64 -version -fasynchronous-unwind-tables -o /tmp/ccTPKwAB.s
GNU C17 (Debian 12.2.0-14) version 12.2.0 (x86_64-linux-gnu)
	compiled by GNU C version 12.2.0, GMP version 6.2.1, MPFR version 4.1.1-p1, MPC version 1.3.1, isl version isl-0.25-GMP

warning: MPFR header version 4.1.1-p1 differs from library version 4.2.0.
GGC heuristics: --param ggc-min-expand=100 --param ggc-min-heapsize=131072
ignoring nonexistent directory "/usr/local/include/x86_64-linux-gnu"
ignoring nonexistent directory "/usr/lib/gcc/x86_64-linux-gnu/12/include-fixed"
ignoring nonexistent directory "/usr/lib/gcc/x86_64-linux-gnu/12/../../../../x86_64-linux-gnu/include"
#include "..." search starts here:
#include <...> search starts here:
 /usr/lib/gcc/x86_64-linux-gnu/12/include
 /usr/local/include
 /usr/include/x86_64-linux-gnu
 /usr/include
End of search list.
GNU C17 (Debian 12.2.0-14) version 12.2.0 (x86_64-linux-gnu)
	compiled by GNU C version 12.2.0, GMP version 6.2.1, MPFR version 4.1.1-p1, MPC version 1.3.1, isl version isl-0.25-GMP

warning: MPFR header version 4.1.1-p1 differs from library version 4.2.0.
GGC heuristics: --param ggc-min-expand=100 --param ggc-min-heapsize=131072
Compiler executable checksum: cc72d2b9b5048fedc2be9051c917b40b
COLLECT_GCC_OPTIONS='-v' '-o' 'CMakeFiles/cmTC_9f677.dir/CMakeCCompilerABI.c.o' '-c' '-mtune=generic' '-march=x86-64' '-dumpdir' 'CMakeFiles/cmTC_9f677.dir/'
 as -v --64 -o CMakeFiles/cmTC_9f677.dir/CMakeCCompilerABI.c.o /tmp/ccTPKwAB.s
GNU assembler version 2.40 (x86_64-linux-gnu) using BFD version (GNU Binutils for Debian) 2.40
COMPILER_PATH=/usr/lib/gcc/x86_64-linux-gnu/12/:/usr/lib/gcc/x86_64-linux-gnu/12/:/usr/lib/gcc/x86_64-linux-gnu/:/usr/lib/gcc/x86_64-linux-gnu/12/:/usr/lib/gcc/x86_64-linux-gnu/
LIBRARY_PATH=/usr/lib/gcc/x86_64-linux-gnu/12/:/usr/lib/gcc/x86_64-linux-gnu/12/../../../x86_64-linux-gnu/:/usr/lib/gcc/x86_64-linux-gnu/12/../../../../lib/:/lib/x86_64-linux-gnu/:/lib/../lib/:/usr/lib/x86_64-linux-gnu/:/usr/lib/../lib/:/usr/lib/gcc/x86_64-linux-gnu/12/../../../:/lib/:/usr/lib/
COLLECT_GCC_OPTIONS='-v' '-o' 'CMakeFiles/cmTC_9f677.dir/CMakeCCompilerABI.c.o' '-c' '-mtune=generic' '-march=x86-64' '-dumpdir' 'CMakeFiles/cmTC_9f677.dir/CMakeCCompilerABI.c.'
Linking C executable cmTC_9f677
/usr/bin/cmake -E cmake_link_script CMakeFiles/cmTC_9f677.dir/link.txt --verbose=1
/usr/bin/cc  -v CMakeFiles/cmTC_9f677.dir/CMakeCCompilerABI.c.o -o cmTC_9f677 
Using built-in specs.
COLLECT_GCC=/usr/bin/cc
COLLECT_LTO_WRAPPER=/usr/lib/gcc/x86_64-linux-gnu/12/lto-wrapper
OFFLOAD_TARGET_NAMES=nvptx-none:amdgcn-amdhsa
OFFLOAD_TARGET_DEFAULT=1
Target: x86_64-linux-gnu
Configured with: ../src/configure -v --with-pkgversion='Debian 12.2.0-14' --with-bugurl=file:///usr/share/doc/gcc-12/README.Bugs --enable-languages=c,ada,c++,go,d,fortran,objc,obj-c++,m2 --prefix=/usr --with-gcc-major-version-only --program-suffix=-12 --program-prefix=x86_64-linux-gnu- --enable-shared --enable-linker-build-id --libexecdir=/usr/lib --without-included-gettext --enable-threads=posix --libdir=/usr/lib --enable-nls --enable-clocale=gnu --enable-libstdcxx-debug --enable-libstdcxx-time=yes --with-default-libstdcxx-abi=new --enable-gnu-unique-object --disable-vtable-verify --enable-plugin --enable-default-pie --with-system-zlib --enable-libphobos-checking=release --with-target-system-zlib=auto --enable-objc-gc=auto --enable-multiarch --disable-werror --enable-cet --with-arch-32=i686 --with-abi=m64 --with-multilib-list=m32,m64,mx32 --enable-multilib --with-tune=generic --enable-offload-targets=nvptx-none=/build/gcc-12-bTRWOB/gcc-12-12.2.0/debian/tmp-nvptx/usr,amdgcn-amdhsa=/build/gcc-12-bTRWOB/gcc-12-12.2.0/debian/tmp-gcn/usr --enable-offload-defaulted --without-cuda-driver --enable-checking=release --build=x86_64-linux-gnu --host=x86_64-linux-gnu --target=x86_64-linux-gnu
Thread model: posix
Supported LTO compression algorithms: zlib zstd
gcc version 12.2.0 (Debian 12.2.0-14) 
COMPILER_PATH=/usr/lib/gcc/x86_64-linux-gnu/12/:/usr/lib/gcc/x86_64-linux-gnu/12/:/usr/lib/gcc/x86_64-linux-gnu/:/usr/lib/gcc/x86_64-linux-gnu/12/:/usr/lib/gcc/x86_64-linux-gnu/
LIBRARY_PATH=/usr/lib/gcc/x86_64-linux-gnu/12/:/usr/lib/gcc/x86_64-linux-gnu/12/../../../x86_64-linux-gnu/:/usr/lib/gcc/x86_64-linux-gnu/12/../../../../lib/:/lib/x86_64-linux-gnu/:/lib/../lib/:/usr/lib/x86_64-linux-gnu/:/usr/lib/../lib/:/usr/lib/gcc/x86_64-linux-gnu/12/../../../:/lib/:/usr/lib/
COLLECT_GCC_OPTIONS='-v' '-o' 'cmTC_9f677' '-mtune=generic' '-march=x86-64' '-dumpdir' 'cmTC_9f677.'
 /usr/lib/gcc/x86_64-linux-gnu/12/collect2 -plugin /usr/lib/gcc/x86_64-linux-gnu/12/liblto_plugin.so -plugin-opt=/usr/lib/gcc/x86_64-linux-gnu/12/lto-wrapper -plugin-opt=-fresolution=/tmp/ccuUTCud.res -plugin-opt=-pass-through=-lgcc -plugin-opt=-pass-through=-lgcc_s -plugin-opt=-pass-through=-lc -plugin-opt=-pass-through=-lgcc -plugin-opt=-pass-through=-lgcc_s --build-id --eh-frame-hdr -m elf_x86_64 --hash-style=gnu --as-needed -dynamic-linker /lib64/ld-linux-x86-64.so.2 -pie -o cmTC_9f677 /usr/lib/gcc/x86_64-linux-gnu/12/../../../x86_64-linux-gnu/Scrt1.o /usr/lib/gcc/x86_64-linux-gnu/12/../../../x86_64-linux-gnu/crti.o /usr/lib/gcc/x86_64-linux-gnu/12/crtbeginS.o -L/usr/lib/gcc/x86_64-linux-gnu/12 -L/usr/lib/gcc/x86_64-linux-gnu/12/../../../x86_64-linux-gnu -L/usr/lib/gcc/x86_64-linux-gnu/12/../../../../lib -L/lib/x86_64-linux-gnu -L/lib/../lib -L/usr/lib/x86_64-linux-gnu -L/usr/lib/../lib -L/usr/lib/gcc/x86_64-linux-gnu/12/../../.. CMakeFiles/cmTC_9f677.dir/CMakeCCompilerABI.c.o -lgcc --push-state --as-needed -lgcc_s --pop-state -lc -lgcc --push-state --as-needed -lgcc_s --pop-state /usr/lib/gcc/x86_64-linux-gnu/12/crtendS.o /usr/lib/gcc/x86_64-linux-gnu/12/../../../x86_64-linux-gnu/crtn.o
COLLECT_GCC_OPTIONS='-v' '-o' 'cmTC_9f677' '-mtune=generic' '-march=x86-64' '-dumpdir' 'cmTC_9f677.'
gmake[1]: Leaving directory '/home/omar/source/repos/open62541_bindings/open62541_build/CMakeFiles/CMakeScratch/TryCompile-fRnSNw'



Parsed C implicit include dir info from above output: rv=done
  found start of include info
  found start of implicit include info
    add: [/usr/lib/gcc/x86_64-linux-gnu/12/include]
    add: [/usr/local/include]
    add: [/usr/include/x86_64-linux-gnu]
    add: [/usr/include]
  end of search list found
  collapse include dir [/usr/lib/gcc/x86_64-linux-gnu/12/include] ==> [/usr/lib/gcc/x86_64-linux-gnu/12/include]
  collapse include dir [/usr/local/include] ==> [/usr/local/include]
  collapse include dir [/usr/include/x86_64-linux-gnu] ==> [/usr/include/x86_64-linux-gnu]
  collapse include dir [/usr/include] ==> [/usr/include]
  implicit include dirs: [/usr/lib/gcc/x86_64-linux-gnu/12/include;/usr/local/include;/usr/include/x86_64-linux-gnu;/usr/include]


Parsed C implicit link information from above output:
  link line regex: [^( *|.*[/\])(ld|CMAKE_LINK_STARTFILE-NOTFOUND|([^/\]+-)?ld|collect2)[^/\]*( |$)]
  ignore line: [Change Dir: /home/omar/source/repos/open62541_bindings/open62541_build/CMakeFiles/CMakeScratch/TryCompile-fRnSNw]
  ignore line: []
  ignore line: [Run Build Command(s):/usr/bin/gmake -f Makefile cmTC_9f677/fast && /usr/bin/gmake  -f CMakeFiles/cmTC_9f677.dir/build.make CMakeFiles/cmTC_9f677.dir/build]
  ignore line: [gmake[1]: Entering directory '/home/omar/source/repos/open62541_bindings/open62541_build/CMakeFiles/CMakeScratch/TryCompile-fRnSNw']
  ignore line: [Building C object CMakeFiles/cmTC_9f677.dir/CMakeCCompilerABI.c.o]
  ignore line: [/usr/bin/cc   -v -o CMakeFiles/cmTC_9f677.dir/CMakeCCompilerABI.c.o -c /usr/share/cmake-3.25/Modules/CMakeCCompilerABI.c]
  ignore line: [Using built-in specs.]
  ignore line: [COLLECT_GCC=/usr/bin/cc]
  ignore line: [OFFLOAD_TARGET_NAMES=nvptx-none:amdgcn-amdhsa]
  ignore line: [OFFLOAD_TARGET_DEFAULT=1]
  ignore line: [Target: x86_64-linux-gnu]
  ignore line: [Configured with: ../src/configure -v --with-pkgversion='Debian 12.2.0-14' --with-bugurl=file:///usr/share/doc/gcc-12/README.Bugs --enable-languages=c ada c++ go d fortran objc obj-c++ m2 --prefix=/usr --with-gcc-major-version-only --program-suffix=-12 --program-prefix=x86_64-linux-gnu- --enable-shared --enable-linker-build-id --libexecdir=/usr/lib --without-included-gettext --enable-threads=posix --libdir=/usr/lib --enable-nls --enable-clocale=gnu --enable-libstdcxx-debug --enable-libstdcxx-time=yes --with-default-libstdcxx-abi=new --enable-gnu-unique-object --disable-vtable-verify --enable-plugin --enable-default-pie --with-system-zlib --enable-libphobos-checking=release --with-target-system-zlib=auto --enable-objc-gc=auto --enable-multiarch --disable-werror --enable-cet --with-arch-32=i686 --with-abi=m64 --with-multilib-list=m32 m64 mx32 --enable-multilib --with-tune=generic --enable-offload-targets=nvptx-none=/build/gcc-12-bTRWOB/gcc-12-12.2.0/debian/tmp-nvptx/usr amdgcn-amdhsa=/build/gcc-12-bTRWOB/gcc-12-12.2.0/debian/tmp-gcn/usr --enable-offload-defaulted --without-cuda-driver --enable-checking=release --build=x86_64-linux-gnu --host=x86_64-linux-gnu --target=x86_64-linux-gnu]
  ignore line: [Thread model: posix]
  ignore line: [Supported LTO compression algorithms: zlib zstd]
  ignore line: [gcc version 12.2.0 (Debian 12.2.0-14) ]
  ignore line: [COLLECT_GCC_OPTIONS='-v' '-o' 'CMakeFiles/cmTC_9f677.dir/CMakeCCompilerABI.c.o' '-c' '-mtune=generic' '-march=x86-64' '-dumpdir' 'CMakeFiles/cmTC_9f677.dir/']
  ignore line: [ /usr/lib/gcc/x86_64-linux-gnu/12/cc1 -quiet -v -imultiarch x86_64-linux-gnu /usr/share/cmake-3.25/Modules/CMakeCCompilerABI.c -quiet -dumpdir CMakeFiles/cmTC_9f677.dir/ -dumpbase CMakeCCompilerABI.c.c -dumpbase-ext .c -mtune=generic -march=x86-64 -version -fasynchronous-unwind-tables -o /tmp/ccTPKwAB.s]
  ignore line: [GNU C17 (Debian 12.2.0-14) version 12.2.0 (x86_64-linux-gnu)]
  ignore line: [	compiled by GNU C version 12.2.0  GMP version 6.2.1  MPFR version 4.1.1-p1  MPC version 1.3.1  isl version isl-0.25-GMP]
  ignore line: []
  ignore line: [warning: MPFR header version 4.1.1-p1 differs from library version 4.2.0.]
  ignore line: [GGC heuristics: --param ggc-min-expand=100 --param ggc-min-heapsize=131072]
  ignore line: [ignoring nonexistent directory "/usr/local/include/x86_64-linux-gnu"]
  ignore line: [ignoring nonexistent directory "/usr/lib/gcc/x86_64-linux-gnu/12/include-fixed"]
  ignore line: [ignoring nonexistent directory "/usr/lib/gcc/x86_64-linux-gnu/12/../../../../x86_64-linux-gnu/include"]
  ignore line: [#include "..." search starts here:]
  ignore line: [#include <...> search starts here:]
  ignore line: [ /usr/lib/gcc/x86_64-linux-gnu/12/include]
  ignore line: [ /usr/local/include]
  ignore line: [ /usr/include/x86_64-linux-gnu]
  ignore line: [ /usr/include]
  ignore line: [End of search list.]
  ignore line: [GNU C17 (Debian 12.2.0-14) version 12.2.0 (x86_64-linux-gnu)]
  ignore line: [	compiled by GNU C version 12.2.0  GMP version 6.2.1  MPFR version 4.1.1-p1  MPC version 1.3.1  isl version isl-0.25-GMP]
  ignore line: []
  ignore line: [warning: MPFR header version 4.1.1-p1 differs from library version 4.2.0.]
  ignore line: [GGC heuristics: --param ggc-min-expand=100 --param ggc-min-heapsize=131072]
  ignore line: [Compiler executable checksum: cc72d2b9b5048fedc2be9051c917b40b]
  ignore line: [COLLECT_GCC_OPTIONS='-v' '-o' 'CMakeFiles/cmTC_9f677.dir/CMakeCCompilerABI.c.o' '-c' '-mtune=generic' '-march=x86-64' '-dumpdir' 'CMakeFiles/cmTC_9f677.dir/']
  ignore line: [ as -v --64 -o CMakeFiles/cmTC_9f677.dir/CMakeCCompilerABI.c.o /tmp/ccTPKwAB.s]
  ignore line: [GNU assembler version 2.40 (x86_64-linux-gnu) using BFD version (GNU Binutils for Debian) 2.40]
  ignore line: [COMPILER_PATH=/usr/lib/gcc/x86_64-linux-gnu/12/:/usr/lib/gcc/x86_64-linux-gnu/12/:/usr/lib/gcc/x86_64-linux-gnu/:/usr/lib/gcc/x86_64-linux-gnu/12/:/usr/lib/gcc/x86_64-linux-gnu/]
  ignore line: [LIBRARY_PATH=/usr/lib/gcc/x86_64-linux-gnu/12/:/usr/lib/gcc/x86_64-linux-gnu/12/../../../x86_64-linux-gnu/:/usr/lib/gcc/x86_64-linux-gnu/12/../../../../lib/:/lib/x86_64-linux-gnu/:/lib/../lib/:/usr/lib/x86_64-linux-gnu/:/usr/lib/../lib/:/usr/lib/gcc/x86_64-linux-gnu/12/../../../:/lib/:/usr/lib/]
  ignore line: [COLLECT_GCC_OPTIONS='-v' '-o' 'CMakeFiles/cmTC_9f677.dir/CMakeCCompilerABI.c.o' '-c' '-mtune=generic' '-march=x86-64' '-dumpdir' 'CMakeFiles/cmTC_9f677.dir/CMakeCCompilerABI.c.']
  ignore line: [Linking C executable cmTC_9f677]
  ignore line: [/usr/bin/cmake -E cmake_link_script CMakeFiles/cmTC_9f677.dir/link.txt --verbose=1]
  ignore line: [/usr/bin/cc  -v CMakeFiles/cmTC_9f677.dir/CMakeCCompilerABI.c.o -o cmTC_9f677 ]
  ignore line: [Using built-in specs.]
  ignore line: [COLLECT_GCC=/usr/bin/cc]
  ignore line: [COLLECT_LTO_WRAPPER=/usr/lib/gcc/x86_64-linux-gnu/12/lto-wrapper]
  ignore line: [OFFLOAD_TARGET_NAMES=nvptx-none:amdgcn-amdhsa]
  ignore line: [OFFLOAD_TARGET_DEFAULT=1]
  ignore line: [Target: x86_64-linux-gnu]
  ignore line: [Configured with: ../src/configure -v --with-pkgversion='Debian 12.2.0-14' --with-bugurl=file:///usr/share/doc/gcc-12/README.Bugs --enable-languages=c ada c++ go d fortran objc obj-c++ m2 --prefix=/usr --with-gcc-major-version-only --program-suffix=-12 --program-prefix=x86_64-linux-gnu- --enable-shared --enable-linker-build-id --libexecdir=/usr/lib --without-included-gettext --enable-threads=posix --libdir=/usr/lib --enable-nls --enable-clocale=gnu --enable-libstdcxx-debug --enable-libstdcxx-time=yes --with-default-libstdcxx-abi=new --enable-gnu-unique-object --disable-vtable-verify --enable-plugin --enable-default-pie --with-system-zlib --enable-libphobos-checking=release --with-target-system-zlib=auto --enable-objc-gc=auto --enable-multiarch --disable-werror --enable-cet --with-arch-32=i686 --with-abi=m64 --with-multilib-list=m32 m64 mx32 --enable-multilib --with-tune=generic --enable-offload-targets=nvptx-none=/build/gcc-12-bTRWOB/gcc-12-12.2.0/debian/tmp-nvptx/usr amdgcn-amdhsa=/build/gcc-12-bTRWOB/gcc-12-12.2.0/debian/tmp-gcn/usr --enable-offload-defaulted --without-cuda-driver --enable-checking=release --build=x86_64-linux-gnu --host=x86_64-linux-gnu --target=x86_64-linux-gnu]
  ignore line: [Thread model: posix]
  ignore line: [Supported LTO compression algorithms: zlib zstd]
  ignore line: [gcc version 12.2.0 (Debian 12.2.0-14) ]
  ignore line: [COMPILER_PATH=/usr/lib/gcc/x86_64-linux-gnu/12/:/usr/lib/gcc/x86_64-linux-gnu/12/:/usr/lib/gcc/x86_64-linux-gnu/:/usr/lib/gcc/x86_64-linux-gnu/12/:/usr/lib/gcc/x86_64-linux-gnu/]
  ignore line: [LIBRARY_PATH=/usr/lib/gcc/x86_64-linux-gnu/12/:/usr/lib/gcc/x86_64-linux-gnu/12/../../../x86_64-linux-gnu/:/usr/lib/gcc/x86_64-linux-gnu/12/../../../../lib/:/lib/x86_64-linux-gnu/:/lib/../lib/:/usr/lib/x86_64-linux-gnu/:/usr/lib/../lib/:/usr/lib/gcc/x86_64-linux-gnu/12/../../../:/lib/:/usr/lib/]
  ignore line: [COLLECT_GCC_OPTIONS='-v' '-o' 'cmTC_9f677' '-mtune=generic' '-march=x86-64' '-dumpdir' 'cmTC_9f677.']
  link line: [ /usr/lib/gcc/x86_64-linux-gnu/12/collect2 -plugin /usr/lib/gcc/x86_64-linux-gnu/12/liblto_plugin.so -plugin-opt=/usr/lib/gcc/x86_64-linux-gnu/12/lto-wrapper -plugin-opt=-fresolution=/tmp/ccuUTCud.res -plugin-opt=-pass-through=-lgcc -plugin-opt=-pass-through=-lgcc_s -plugin-opt=-pass-through=-lc -plugin-opt=-pass-through=-lgcc -plugin-opt=-pass-through=-lgcc_s --build-id --eh-frame-hdr -m elf_x86_64 --hash-style=gnu --as-needed -dynamic-linker /lib64/ld-linux-x86-64.so.2 -pie -o cmTC_9f677 /usr/lib/gcc/x86_64-linux-gnu/12/../../../x86_64-linux-gnu/Scrt1.o /usr/lib/gcc/x86_64-linux-gnu/12/../../../x86_64-linux-gnu/crti.o /usr/lib/gcc/x86_64-linux-gnu/12/crtbeginS.o -L/usr/lib/gcc/x86_64-linux-gnu/12 -L/usr/lib/gcc/x86_64-linux-gnu/12/../../../x86_64-linux-gnu -L/usr/lib/gcc/x86_64-linux-gnu/12/../../../../lib -L/lib/x86_64-linux-gnu -L/lib/../lib -L/usr/lib/x86_64-linux-gnu -L/usr/lib/../lib -L/usr/lib/gcc/x86_64-linux-gnu/12/../../.. CMakeFiles/cmTC_9f677.dir/CMakeCCompilerABI.c.o -lgcc --push-state --as-needed -lgcc_s --pop-state -lc -lgcc --push-state --as-needed -lgcc_s --pop-state /usr/lib/gcc/x86_64-linux-gnu/12/crtendS.o /usr/lib/gcc/x86_64-linux-gnu/12/../../../x86_64-linux-gnu/crtn.o]
    arg [/usr/lib/gcc/x86_64-linux-gnu/12/collect2] ==> ignore
    arg [-plugin] ==> ignore
    arg [/usr/lib/gcc/x86_64-linux-gnu/12/liblto_plugin.so] ==> ignore
    arg [-plugin-opt=/usr/lib/gcc/x86_64-linux-gnu/12/lto-wrapper] ==> ignore
    arg [-plugin-opt=-fresolution=/tmp/ccuUTCud.res] ==> ignore
    arg [-plugin-opt=-pass-through=-lgcc] ==> ignore
    arg [-plugin-opt=-pass-through=-lgcc_s] ==> ignore
    arg [-plugin-opt=-pass-through=-lc] ==> ignore
    arg [-plugin-opt=-pass-through=-lgcc] ==> ignore
    arg [-plugin-opt=-pass-through=-lgcc_s] ==> ignore
    arg [--build-id] ==> ignore
    arg [--eh-frame-hdr] ==> ignore
    arg [-m] ==> ignore
    arg [elf_x86_64] ==> ignore
    arg [--hash-style=gnu] ==> ignore
    arg [--as-needed] ==> ignore
    arg [-dynamic-linker] ==> ignore
    arg [/lib64/ld-linux-x86-64.so.2] ==> ignore
    arg [-pie] ==> ignore
    arg [-o] ==> ignore
    arg [cmTC_9f677] ==> ignore
    arg [/usr/lib/gcc/x86_64-linux-gnu/12/../../../x86_64-linux-gnu/Scrt1.o] ==> obj [/usr/lib/gcc/x86_64-linux-gnu/12/../../../x86_64-linux-gnu/Scrt1.o]
    arg [/usr/lib/gcc/x86_64-linux-gnu/12/../../../x86_64-linux-gnu/crti.o] ==> obj [/usr/lib/gcc/x86_64-linux-gnu/12/../../../x86_64-linux-gnu/crti.o]
    arg [/usr/lib/gcc/x86_64-linux-gnu/12/crtbeginS.o] ==> obj [/usr/lib/gcc/x86_64-linux-gnu/12/crtbeginS.o]
    arg [-L/usr/lib/gcc/x86_64-linux-gnu/12] ==> dir [/usr/lib/gcc/x86_64-linux-gnu/12]
    arg [-L/usr/lib/gcc/x86_64-linux-gnu/12/../../../x86_64-linux-gnu] ==> dir [/usr/lib/gcc/x86_64-linux-gnu/12/../../../x86_64-linux-gnu]
    arg [-L/usr/lib/gcc/x86_64-linux-gnu/12/../../../../lib] ==> dir [/usr/lib/gcc/x86_64-linux-gnu/12/../../../../lib]
    arg [-L/lib/x86_64-linux-gnu] ==> dir [/lib/x86_64-linux-gnu]
    arg [-L/lib/../lib] ==> dir [/lib/../lib]
    arg [-L/usr/lib/x86_64-linux-gnu] ==> dir [/usr/lib/x86_64-linux-gnu]
    arg [-L/usr/lib/../lib] ==> dir [/usr/lib/../lib]
    arg [-L/usr/lib/gcc/x86_64-linux-gnu/12/../../..] ==> dir [/usr/lib/gcc/x86_64-linux-gnu/12/../../..]
    arg [CMakeFiles/cmTC_9f677.dir/CMakeCCompilerABI.c.o] ==> ignore
    arg [-lgcc] ==> lib [gcc]
    arg [--push-state] ==> ignore
    arg [--as-needed] ==> ignore
    arg [-lgcc_s] ==> lib [gcc_s]
    arg [--pop-state] ==> ignore
    arg [-lc] ==> lib [c]
    arg [-lgcc] ==> lib [gcc]
    arg [--push-state] ==> ignore
    arg [--as-needed] ==> ignore
    arg [-lgcc_s] ==> lib [gcc_s]
    arg [--pop-state] ==> ignore
    arg [/usr/lib/gcc/x86_64-linux-gnu/12/crtendS.o] ==> obj [/usr/lib/gcc/x86_64-linux-gnu/12/crtendS.o]
    arg [/usr/lib/gcc/x86_64-linux-gnu/12/../../../x86_64-linux-gnu/crtn.o] ==> obj [/usr/lib/gcc/x86_64-linux-gnu/12/../../../x86_64-linux-gnu/crtn.o]
  collapse obj [/usr/lib/gcc/x86_64-linux-gnu/12/../../../x86_64-linux-gnu/Scrt1.o] ==> [/usr/lib/x86_64-linux-gnu/Scrt1.o]
  collapse obj [/usr/lib/gcc/x86_64-linux-gnu/12/../../../x86_64-linux-gnu/crti.o] ==> [/usr/lib/x86_64-linux-gnu/crti.o]
  collapse obj [/usr/lib/gcc/x86_64-linux-gnu/12/../../../x86_64-linux-gnu/crtn.o] ==> [/usr/lib/x86_64-linux-gnu/crtn.o]
  collapse library dir [/usr/lib/gcc/x86_64-linux-gnu/12] ==> [/usr/lib/gcc/x86_64-linux-gnu/12]
  collapse library dir [/usr/lib/gcc/x86_64-linux-gnu/12/../../../x86_64-linux-gnu] ==> [/usr/lib/x86_64-linux-gnu]
  collapse library dir [/usr/lib/gcc/x86_64-linux-gnu/12/../../../../lib] ==> [/usr/lib]
  collapse library dir [/lib/x86_64-linux-gnu] ==> [/lib/x86_64-linux-gnu]
  collapse library dir [/lib/../lib] ==> [/lib]
  collapse library dir [/usr/lib/x86_64-linux-gnu] ==> [/usr/lib/x86_64-linux-gnu]
  collapse library dir [/usr/lib/../lib] ==> [/usr/lib]
  collapse library dir [/usr/lib/gcc/x86_64-linux-gnu/12/../../..] ==> [/usr/lib]
  implicit libs: [gcc;gcc_s;c;gcc;gcc_s]
  implicit objs: [/usr/lib/x86_64-linux-gnu/Scrt1.o;/usr/lib/x86_64-linux-gnu/crti.o;/usr/lib/gcc/x86_64-linux-gnu/12/crtbeginS.o;/usr/lib/gcc/x86_64-linux-gnu/12/crtendS.o;/usr/lib/x86_64-linux-gnu/crtn.o]
  implicit dirs: [/usr/lib/gcc/x86_64-linux-gnu/12;/usr/lib/x86_64-linux-gnu;/usr/lib;/lib/x86_64-linux-gnu;/lib]
  implicit fwks: []


Performing C SOURCE FILE Test flag_supported succeeded with the following output:
Change Dir: /home/omar/source/repos/open62541_bindings/open62541_build/CMakeFiles/CMakeScratch/TryCompile-4oymKy

Run Build Command(s):/usr/bin/gmake -f Makefile cmTC_c6980/fast && /usr/bin/gmake  -f CMakeFiles/cmTC_c6980.dir/build.make CMakeFiles/cmTC_c6980.dir/build
gmake[1]: Entering directory '/home/omar/source/repos/open62541_bindings/open62541_build/CMakeFiles/CMakeScratch/TryCompile-4oymKy'
Building C object CMakeFiles/cmTC_c6980.dir/src.c.o
/usr/bin/cc -Dflag_supported  -std=c99 -o CMakeFiles/cmTC_c6980.dir/src.c.o -c /home/omar/source/repos/open62541_bindings/open62541_build/CMakeFiles/CMakeScratch/TryCompile-4oymKy/src.c
Linking C executable cmTC_c6980
/usr/bin/cmake -E cmake_link_script CMakeFiles/cmTC_c6980.dir/link.txt --verbose=1
/usr/bin/cc CMakeFiles/cmTC_c6980.dir/src.c.o -o cmTC_c6980 
gmake[1]: Leaving directory '/home/omar/source/repos/open62541_bindings/open62541_build/CMakeFiles/CMakeScratch/TryCompile-4oymKy'


Source file was:
int main(void) { return 0; }

Performing C SOURCE FILE Test flag_supported succeeded with the following output:
Change Dir: /home/omar/source/repos/open62541_bindings/open62541_build/CMakeFiles/CMakeScratch/TryCompile-zwN0l8

Run Build Command(s):/usr/bin/gmake -f Makefile cmTC_8b0c9/fast && /usr/bin/gmake  -f CMakeFiles/cmTC_8b0c9.dir/build.make CMakeFiles/cmTC_8b0c9.dir/build
gmake[1]: Entering directory '/home/omar/source/repos/open62541_bindings/open62541_build/CMakeFiles/CMakeScratch/TryCompile-zwN0l8'
Building C object CMakeFiles/cmTC_8b0c9.dir/src.c.o
/usr/bin/cc -Dflag_supported  -std=c99    -pipe -o CMakeFiles/cmTC_8b0c9.dir/src.c.o -c /home/omar/source/repos/open62541_bindings/open62541_build/CMakeFiles/CMakeScratch/TryCompile-zwN0l8/src.c
Linking C executable cmTC_8b0c9
/usr/bin/cmake -E cmake_link_script CMakeFiles/cmTC_8b0c9.dir/link.txt --verbose=1
/usr/bin/cc  -std=c99  CMakeFiles/cmTC_8b0c9.dir/src.c.o -o cmTC_8b0c9 
gmake[1]: Leaving directory '/home/omar/source/repos/open62541_bindings/open62541_build/CMakeFiles/CMakeScratch/TryCompile-zwN0l8'


Source file was:
int main(void) { return 0; }

Performing C SOURCE FILE Test flag_supported succeeded with the following output:
Change Dir: /home/omar/source/repos/open62541_bindings/open62541_build/CMakeFiles/CMakeScratch/TryCompile-xB247e

Run Build Command(s):/usr/bin/gmake -f Makefile cmTC_d454a/fast && /usr/bin/gmake  -f CMakeFiles/cmTC_d454a.dir/build.make CMakeFiles/cmTC_d454a.dir/build
gmake[1]: Entering directory '/home/omar/source/repos/open62541_bindings/open62541_build/CMakeFiles/CMakeScratch/TryCompile-xB247e'
Building C object CMakeFiles/cmTC_d454a.dir/src.c.o
/usr/bin/cc -Dflag_supported  -std=c99 -pipe    -Wall -o CMakeFiles/cmTC_d454a.dir/src.c.o -c /home/omar/source/repos/open62541_bindings/open62541_build/CMakeFiles/CMakeScratch/TryCompile-xB247e/src.c
Linking C executable cmTC_d454a
/usr/bin/cmake -E cmake_link_script CMakeFiles/cmTC_d454a.dir/link.txt --verbose=1
/usr/bin/cc  -std=c99 -pipe  CMakeFiles/cmTC_d454a.dir/src.c.o -o cmTC_d454a 
gmake[1]: Leaving directory '/home/omar/source/repos/open62541_bindings/open62541_build/CMakeFiles/CMakeScratch/TryCompile-xB247e'


Source file was:
int main(void) { return 0; }

Performing C SOURCE FILE Test flag_supported succeeded with the following output:
Change Dir: /home/omar/source/repos/open62541_bindings/open62541_build/CMakeFiles/CMakeScratch/TryCompile-ByZ80O

Run Build Command(s):/usr/bin/gmake -f Makefile cmTC_cbb00/fast && /usr/bin/gmake  -f CMakeFiles/cmTC_cbb00.dir/build.make CMakeFiles/cmTC_cbb00.dir/build
gmake[1]: Entering directory '/home/omar/source/repos/open62541_bindings/open62541_build/CMakeFiles/CMakeScratch/TryCompile-ByZ80O'
Building C object CMakeFiles/cmTC_cbb00.dir/src.c.o
/usr/bin/cc -Dflag_supported  -std=c99 -pipe -Wall    -Wextra -o CMakeFiles/cmTC_cbb00.dir/src.c.o -c /home/omar/source/repos/open62541_bindings/open62541_build/CMakeFiles/CMakeScratch/TryCompile-ByZ80O/src.c
Linking C executable cmTC_cbb00
/usr/bin/cmake -E cmake_link_script CMakeFiles/cmTC_cbb00.dir/link.txt --verbose=1
/usr/bin/cc  -std=c99 -pipe -Wall  CMakeFiles/cmTC_cbb00.dir/src.c.o -o cmTC_cbb00 
gmake[1]: Leaving directory '/home/omar/source/repos/open62541_bindings/open62541_build/CMakeFiles/CMakeScratch/TryCompile-ByZ80O'


Source file was:
int main(void) { return 0; }

Performing C SOURCE FILE Test flag_supported succeeded with the following output:
Change Dir: /home/omar/source/repos/open62541_bindings/open62541_build/CMakeFiles/CMakeScratch/TryCompile-iow5nw

Run Build Command(s):/usr/bin/gmake -f Makefile cmTC_a9201/fast && /usr/bin/gmake  -f CMakeFiles/cmTC_a9201.dir/build.make CMakeFiles/cmTC_a9201.dir/build
gmake[1]: Entering directory '/home/omar/source/repos/open62541_bindings/open62541_build/CMakeFiles/CMakeScratch/TryCompile-iow5nw'
Building C object CMakeFiles/cmTC_a9201.dir/src.c.o
/usr/bin/cc -Dflag_supported  -std=c99 -pipe -Wall -Wextra    -Wpedantic -o CMakeFiles/cmTC_a9201.dir/src.c.o -c /home/omar/source/repos/open62541_bindings/open62541_build/CMakeFiles/CMakeScratch/TryCompile-iow5nw/src.c
Linking C executable cmTC_a9201
/usr/bin/cmake -E cmake_link_script CMakeFiles/cmTC_a9201.dir/link.txt --verbose=1
/usr/bin/cc  -std=c99 -pipe -Wall -Wextra  CMakeFiles/cmTC_a9201.dir/src.c.o -o cmTC_a9201 
gmake[1]: Leaving directory '/home/omar/source/repos/open62541_bindings/open62541_build/CMakeFiles/CMakeScratch/TryCompile-iow5nw'


Source file was:
int main(void) { return 0; }

Performing C SOURCE FILE Test flag_supported succeeded with the following output:
Change Dir: /home/omar/source/repos/open62541_bindings/open62541_build/CMakeFiles/CMakeScratch/TryCompile-pfDR7Z

Run Build Command(s):/usr/bin/gmake -f Makefile cmTC_7e0a7/fast && /usr/bin/gmake  -f CMakeFiles/cmTC_7e0a7.dir/build.make CMakeFiles/cmTC_7e0a7.dir/build
gmake[1]: Entering directory '/home/omar/source/repos/open62541_bindings/open62541_build/CMakeFiles/CMakeScratch/TryCompile-pfDR7Z'
Building C object CMakeFiles/cmTC_7e0a7.dir/src.c.o
/usr/bin/cc -Dflag_supported  -std=c99 -pipe -Wall -Wextra -Wpedantic    -Wno-static-in-inline -o CMakeFiles/cmTC_7e0a7.dir/src.c.o -c /home/omar/source/repos/open62541_bindings/open62541_build/CMakeFiles/CMakeScratch/TryCompile-pfDR7Z/src.c
Linking C executable cmTC_7e0a7
/usr/bin/cmake -E cmake_link_script CMakeFiles/cmTC_7e0a7.dir/link.txt --verbose=1
/usr/bin/cc  -std=c99 -pipe -Wall -Wextra -Wpedantic  CMakeFiles/cmTC_7e0a7.dir/src.c.o -o cmTC_7e0a7 
gmake[1]: Leaving directory '/home/omar/source/repos/open62541_bindings/open62541_build/CMakeFiles/CMakeScratch/TryCompile-pfDR7Z'


Source file was:
int main(void) { return 0; }

Performing C SOURCE FILE Test flag_supported succeeded with the following output:
Change Dir: /home/omar/source/repos/open62541_bindings/open62541_build/CMakeFiles/CMakeScratch/TryCompile-zo8fD3

Run Build Command(s):/usr/bin/gmake -f Makefile cmTC_2c1a3/fast && /usr/bin/gmake  -f CMakeFiles/cmTC_2c1a3.dir/build.make CMakeFiles/cmTC_2c1a3.dir/build
gmake[1]: Entering directory '/home/omar/source/repos/open62541_bindings/open62541_build/CMakeFiles/CMakeScratch/TryCompile-zo8fD3'
Building C object CMakeFiles/cmTC_2c1a3.dir/src.c.o
/usr/bin/cc -Dflag_supported  -std=c99 -pipe -Wall -Wextra -Wpedantic -Wno-static-in-inline    -Wno-overlength-strings -o CMakeFiles/cmTC_2c1a3.dir/src.c.o -c /home/omar/source/repos/open62541_bindings/open62541_build/CMakeFiles/CMakeScratch/TryCompile-zo8fD3/src.c
Linking C executable cmTC_2c1a3
/usr/bin/cmake -E cmake_link_script CMakeFiles/cmTC_2c1a3.dir/link.txt --verbose=1
/usr/bin/cc  -std=c99 -pipe -Wall -Wextra -Wpedantic -Wno-static-in-inline  CMakeFiles/cmTC_2c1a3.dir/src.c.o -o cmTC_2c1a3 
gmake[1]: Leaving directory '/home/omar/source/repos/open62541_bindings/open62541_build/CMakeFiles/CMakeScratch/TryCompile-zo8fD3'


Source file was:
int main(void) { return 0; }

Performing C SOURCE FILE Test flag_supported succeeded with the following output:
Change Dir: /home/omar/source/repos/open62541_bindings/open62541_build/CMakeFiles/CMakeScratch/TryCompile-yukdqB

Run Build Command(s):/usr/bin/gmake -f Makefile cmTC_748e0/fast && /usr/bin/gmake  -f CMakeFiles/cmTC_748e0.dir/build.make CMakeFiles/cmTC_748e0.dir/build
gmake[1]: Entering directory '/home/omar/source/repos/open62541_bindings/open62541_build/CMakeFiles/CMakeScratch/TryCompile-yukdqB'
Building C object CMakeFiles/cmTC_748e0.dir/src.c.o
/usr/bin/cc -Dflag_supported  -std=c99 -pipe -Wall -Wextra -Wpedantic -Wno-static-in-inline -Wno-overlength-strings    -Wno-unused-parameter -o CMakeFiles/cmTC_748e0.dir/src.c.o -c /home/omar/source/repos/open62541_bindings/open62541_build/CMakeFiles/CMakeScratch/TryCompile-yukdqB/src.c
Linking C executable cmTC_748e0
/usr/bin/cmake -E cmake_link_script CMakeFiles/cmTC_748e0.dir/link.txt --verbose=1
/usr/bin/cc  -std=c99 -pipe -Wall -Wextra -Wpedantic -Wno-static-in-inline -Wno-overlength-strings  CMakeFiles/cmTC_748e0.dir/src.c.o -o cmTC_748e0 
gmake[1]: Leaving directory '/home/omar/source/repos/open62541_bindings/open62541_build/CMakeFiles/CMakeScratch/TryCompile-yukdqB'


Source file was:
int main(void) { return 0; }

Performing C SOURCE FILE Test flag_supported succeeded with the following output:
Change Dir: /home/omar/source/repos/open62541_bindings/open62541_build/CMakeFiles/CMakeScratch/TryCompile-nesvow

Run Build Command(s):/usr/bin/gmake -f Makefile cmTC_6e1aa/fast && /usr/bin/gmake  -f CMakeFiles/cmTC_6e1aa.dir/build.make CMakeFiles/cmTC_6e1aa.dir/build
gmake[1]: Entering directory '/home/omar/source/repos/open62541_bindings/open62541_build/CMakeFiles/CMakeScratch/TryCompile-nesvow'
Building C object CMakeFiles/cmTC_6e1aa.dir/src.c.o
/usr/bin/cc -Dflag_supported  -std=c99 -pipe -Wall -Wextra -Wpedantic -Wno-static-in-inline -Wno-overlength-strings -Wno-unused-parameter    -Wno-maybe-uninitialized -o CMakeFiles/cmTC_6e1aa.dir/src.c.o -c /home/omar/source/repos/open62541_bindings/open62541_build/CMakeFiles/CMakeScratch/TryCompile-nesvow/src.c
Linking C executable cmTC_6e1aa
/usr/bin/cmake -E cmake_link_script CMakeFiles/cmTC_6e1aa.dir/link.txt --verbose=1
/usr/bin/cc  -std=c99 -pipe -Wall -Wextra -Wpedantic -Wno-static-in-inline -Wno-overlength-strings -Wno-unused-parameter  CMakeFiles/cmTC_6e1aa.dir/src.c.o -o cmTC_6e1aa 
gmake[1]: Leaving directory '/home/omar/source/repos/open62541_bindings/open62541_build/CMakeFiles/CMakeScratch/TryCompile-nesvow'


Source file was:
int main(void) { return 0; }

Performing C SOURCE FILE Test flag_supported succeeded with the following output:
Change Dir: /home/omar/source/repos/open62541_bindings/open62541_build/CMakeFiles/CMakeScratch/TryCompile-WeD13G

Run Build Command(s):/usr/bin/gmake -f Makefile cmTC_540d2/fast && /usr/bin/gmake  -f CMakeFiles/cmTC_540d2.dir/build.make CMakeFiles/cmTC_540d2.dir/build
gmake[1]: Entering directory '/home/omar/source/repos/open62541_bindings/open62541_build/CMakeFiles/CMakeScratch/TryCompile-WeD13G'
Building C object CMakeFiles/cmTC_540d2.dir/src.c.o
/usr/bin/cc -Dflag_supported  -std=c99 -pipe -Wall -Wextra -Wpedantic -Wno-static-in-inline -Wno-overlength-strings -Wno-unused-parameter -Wno-maybe-uninitialized    -Wc++-compat -o CMakeFiles/cmTC_540d2.dir/src.c.o -c /home/omar/source/repos/open62541_bindings/open62541_build/CMakeFiles/CMakeScratch/TryCompile-WeD13G/src.c
Linking C executable cmTC_540d2
/usr/bin/cmake -E cmake_link_script CMakeFiles/cmTC_540d2.dir/link.txt --verbose=1
/usr/bin/cc  -std=c99 -pipe -Wall -Wextra -Wpedantic -Wno-static-in-inline -Wno-overlength-strings -Wno-unused-parameter -Wno-maybe-uninitialized  CMakeFiles/cmTC_540d2.dir/src.c.o -o cmTC_540d2 
gmake[1]: Leaving directory '/home/omar/source/repos/open62541_bindings/open62541_build/CMakeFiles/CMakeScratch/TryCompile-WeD13G'


Source file was:
int main(void) { return 0; }

Performing C SOURCE FILE Test flag_supported succeeded with the following output:
Change Dir: /home/omar/source/repos/open62541_bindings/open62541_build/CMakeFiles/CMakeScratch/TryCompile-DIk00n

Run Build Command(s):/usr/bin/gmake -f Makefile cmTC_17502/fast && /usr/bin/gmake  -f CMakeFiles/cmTC_17502.dir/build.make CMakeFiles/cmTC_17502.dir/build
gmake[1]: Entering directory '/home/omar/source/repos/open62541_bindings/open62541_build/CMakeFiles/CMakeScratch/TryCompile-DIk00n'
Building C object CMakeFiles/cmTC_17502.dir/src.c.o
/usr/bin/cc -Dflag_supported  -std=c99 -pipe -Wall -Wextra -Wpedantic -Wno-static-in-inline -Wno-overlength-strings -Wno-unused-parameter -Wno-maybe-uninitialized -Wc++-compat    -Wformat -o CMakeFiles/cmTC_17502.dir/src.c.o -c /home/omar/source/repos/open62541_bindings/open62541_build/CMakeFiles/CMakeScratch/TryCompile-DIk00n/src.c
Linking C executable cmTC_17502
/usr/bin/cmake -E cmake_link_script CMakeFiles/cmTC_17502.dir/link.txt --verbose=1
/usr/bin/cc  -std=c99 -pipe -Wall -Wextra -Wpedantic -Wno-static-in-inline -Wno-overlength-strings -Wno-unused-parameter -Wno-maybe-uninitialized -Wc++-compat  CMakeFiles/cmTC_17502.dir/src.c.o -o cmTC_17502 
gmake[1]: Leaving directory '/home/omar/source/repos/open62541_bindings/open62541_build/CMakeFiles/CMakeScratch/TryCompile-DIk00n'


Source file was:
int main(void) { return 0; }

Performing C SOURCE FILE Test flag_supported succeeded with the following output:
Change Dir: /home/omar/source/repos/open62541_bindings/open62541_build/CMakeFiles/CMakeScratch/TryCompile-ScWNXu

Run Build Command(s):/usr/bin/gmake -f Makefile cmTC_1e6c0/fast && /usr/bin/gmake  -f CMakeFiles/cmTC_1e6c0.dir/build.make CMakeFiles/cmTC_1e6c0.dir/build
gmake[1]: Entering directory '/home/omar/source/repos/open62541_bindings/open62541_build/CMakeFiles/CMakeScratch/TryCompile-ScWNXu'
Building C object CMakeFiles/cmTC_1e6c0.dir/src.c.o
/usr/bin/cc -Dflag_supported  -std=c99 -pipe -Wall -Wextra -Wpedantic -Wno-static-in-inline -Wno-overlength-strings -Wno-unused-parameter -Wno-maybe-uninitialized -Wc++-compat -Wformat    -Wformat-security -o CMakeFiles/cmTC_1e6c0.dir/src.c.o -c /home/omar/source/repos/open62541_bindings/open62541_build/CMakeFiles/CMakeScratch/TryCompile-ScWNXu/src.c
Linking C executable cmTC_1e6c0
/usr/bin/cmake -E cmake_link_script CMakeFiles/cmTC_1e6c0.dir/link.txt --verbose=1
/usr/bin/cc  -std=c99 -pipe -Wall -Wextra -Wpedantic -Wno-static-in-inline -Wno-overlength-strings -Wno-unused-parameter -Wno-maybe-uninitialized -Wc++-compat -Wformat  CMakeFiles/cmTC_1e6c0.dir/src.c.o -o cmTC_1e6c0 
gmake[1]: Leaving directory '/home/omar/source/repos/open62541_bindings/open62541_build/CMakeFiles/CMakeScratch/TryCompile-ScWNXu'


Source file was:
int main(void) { return 0; }

Performing C SOURCE FILE Test flag_supported succeeded with the following output:
Change Dir: /home/omar/source/repos/open62541_bindings/open62541_build/CMakeFiles/CMakeScratch/TryCompile-WBwEwJ

Run Build Command(s):/usr/bin/gmake -f Makefile cmTC_fbece/fast && /usr/bin/gmake  -f CMakeFiles/cmTC_fbece.dir/build.make CMakeFiles/cmTC_fbece.dir/build
gmake[1]: Entering directory '/home/omar/source/repos/open62541_bindings/open62541_build/CMakeFiles/CMakeScratch/TryCompile-WBwEwJ'
Building C object CMakeFiles/cmTC_fbece.dir/src.c.o
/usr/bin/cc -Dflag_supported  -std=c99 -pipe -Wall -Wextra -Wpedantic -Wno-static-in-inline -Wno-overlength-strings -Wno-unused-parameter -Wno-maybe-uninitialized -Wc++-compat -Wformat -Wformat-security    -Wformat-nonliteral -o CMakeFiles/cmTC_fbece.dir/src.c.o -c /home/omar/source/repos/open62541_bindings/open62541_build/CMakeFiles/CMakeScratch/TryCompile-WBwEwJ/src.c
Linking C executable cmTC_fbece
/usr/bin/cmake -E cmake_link_script CMakeFiles/cmTC_fbece.dir/link.txt --verbose=1
/usr/bin/cc  -std=c99 -pipe -Wall -Wextra -Wpedantic -Wno-static-in-inline -Wno-overlength-strings -Wno-unused-parameter -Wno-maybe-uninitialized -Wc++-compat -Wformat -Wformat-security  CMakeFiles/cmTC_fbece.dir/src.c.o -o cmTC_fbece 
gmake[1]: Leaving directory '/home/omar/source/repos/open62541_bindings/open62541_build/CMakeFiles/CMakeScratch/TryCompile-WBwEwJ'


Source file was:
int main(void) { return 0; }

Performing C SOURCE FILE Test flag_supported succeeded with the following output:
Change Dir: /home/omar/source/repos/open62541_bindings/open62541_build/CMakeFiles/CMakeScratch/TryCompile-SwCHed

Run Build Command(s):/usr/bin/gmake -f Makefile cmTC_f8db0/fast && /usr/bin/gmake  -f CMakeFiles/cmTC_f8db0.dir/build.make CMakeFiles/cmTC_f8db0.dir/build
gmake[1]: Entering directory '/home/omar/source/repos/open62541_bindings/open62541_build/CMakeFiles/CMakeScratch/TryCompile-SwCHed'
Building C object CMakeFiles/cmTC_f8db0.dir/src.c.o
/usr/bin/cc -Dflag_supported  -std=c99 -pipe -Wall -Wextra -Wpedantic -Wno-static-in-inline -Wno-overlength-strings -Wno-unused-parameter -Wno-maybe-uninitialized -Wc++-compat -Wformat -Wformat-security -Wformat-nonliteral    -Wmissing-prototypes -o CMakeFiles/cmTC_f8db0.dir/src.c.o -c /home/omar/source/repos/open62541_bindings/open62541_build/CMakeFiles/CMakeScratch/TryCompile-SwCHed/src.c
Linking C executable cmTC_f8db0
/usr/bin/cmake -E cmake_link_script CMakeFiles/cmTC_f8db0.dir/link.txt --verbose=1
/usr/bin/cc  -std=c99 -pipe -Wall -Wextra -Wpedantic -Wno-static-in-inline -Wno-overlength-strings -Wno-unused-parameter -Wno-maybe-uninitialized -Wc++-compat -Wformat -Wformat-security -Wformat-nonliteral  CMakeFiles/cmTC_f8db0.dir/src.c.o -o cmTC_f8db0 
gmake[1]: Leaving directory '/home/omar/source/repos/open62541_bindings/open62541_build/CMakeFiles/CMakeScratch/TryCompile-SwCHed'


Source file was:
int main(void) { return 0; }

Performing C SOURCE FILE Test flag_supported succeeded with the following output:
Change Dir: /home/omar/source/repos/open62541_bindings/open62541_build/CMakeFiles/CMakeScratch/TryCompile-iEGaw6

Run Build Command(s):/usr/bin/gmake -f Makefile cmTC_e8fb5/fast && /usr/bin/gmake  -f CMakeFiles/cmTC_e8fb5.dir/build.make CMakeFiles/cmTC_e8fb5.dir/build
gmake[1]: Entering directory '/home/omar/source/repos/open62541_bindings/open62541_build/CMakeFiles/CMakeScratch/TryCompile-iEGaw6'
Building C object CMakeFiles/cmTC_e8fb5.dir/src.c.o
/usr/bin/cc -Dflag_supported  -std=c99 -pipe -Wall -Wextra -Wpedantic -Wno-static-in-inline -Wno-overlength-strings -Wno-unused-parameter -Wno-maybe-uninitialized -Wc++-compat -Wformat -Wformat-security -Wformat-nonliteral -Wmissing-prototypes    -Wstrict-prototypes -o CMakeFiles/cmTC_e8fb5.dir/src.c.o -c /home/omar/source/repos/open62541_bindings/open62541_build/CMakeFiles/CMakeScratch/TryCompile-iEGaw6/src.c
Linking C executable cmTC_e8fb5
/usr/bin/cmake -E cmake_link_script CMakeFiles/cmTC_e8fb5.dir/link.txt --verbose=1
/usr/bin/cc  -std=c99 -pipe -Wall -Wextra -Wpedantic -Wno-static-in-inline -Wno-overlength-strings -Wno-unused-parameter -Wno-maybe-uninitialized -Wc++-compat -Wformat -Wformat-security -Wformat-nonliteral -Wmissing-prototypes  CMakeFiles/cmTC_e8fb5.dir/src.c.o -o cmTC_e8fb5 
gmake[1]: Leaving directory '/home/omar/source/repos/open62541_bindings/open62541_build/CMakeFiles/CMakeScratch/TryCompile-iEGaw6'


Source file was:
int main(void) { return 0; }

Performing C SOURCE FILE Test flag_supported succeeded with the following output:
Change Dir: /home/omar/source/repos/open62541_bindings/open62541_build/CMakeFiles/CMakeScratch/TryCompile-LJApPd

Run Build Command(s):/usr/bin/gmake -f Makefile cmTC_c4480/fast && /usr/bin/gmake  -f CMakeFiles/cmTC_c4480.dir/build.make CMakeFiles/cmTC_c4480.dir/build
gmake[1]: Entering directory '/home/omar/source/repos/open62541_bindings/open62541_build/CMakeFiles/CMakeScratch/TryCompile-LJApPd'
Building C object CMakeFiles/cmTC_c4480.dir/src.c.o
/usr/bin/cc -Dflag_supported  -std=c99 -pipe -Wall -Wextra -Wpedantic -Wno-static-in-inline -Wno-overlength-strings -Wno-unused-parameter -Wno-maybe-uninitialized -Wc++-compat -Wformat -Wformat-security -Wformat-nonliteral -Wmissing-prototypes -Wstrict-prototypes    -Wredundant-decls -o CMakeFiles/cmTC_c4480.dir/src.c.o -c /home/omar/source/repos/open62541_bindings/open62541_build/CMakeFiles/CMakeScratch/TryCompile-LJApPd/src.c
Linking C executable cmTC_c4480
/usr/bin/cmake -E cmake_link_script CMakeFiles/cmTC_c4480.dir/link.txt --verbose=1
/usr/bin/cc  -std=c99 -pipe -Wall -Wextra -Wpedantic -Wno-static-in-inline -Wno-overlength-strings -Wno-unused-parameter -Wno-maybe-uninitialized -Wc++-compat -Wformat -Wformat-security -Wformat-nonliteral -Wmissing-prototypes -Wstrict-prototypes  CMakeFiles/cmTC_c4480.dir/src.c.o -o cmTC_c4480 
gmake[1]: Leaving directory '/home/omar/source/repos/open62541_bindings/open62541_build/CMakeFiles/CMakeScratch/TryCompile-LJApPd'


Source file was:
int main(void) { return 0; }

Performing C SOURCE FILE Test flag_supported succeeded with the following output:
Change Dir: /home/omar/source/repos/open62541_bindings/open62541_build/CMakeFiles/CMakeScratch/TryCompile-Drdcjo

Run Build Command(s):/usr/bin/gmake -f Makefile cmTC_acd4e/fast && /usr/bin/gmake  -f CMakeFiles/cmTC_acd4e.dir/build.make CMakeFiles/cmTC_acd4e.dir/build
gmake[1]: Entering directory '/home/omar/source/repos/open62541_bindings/open62541_build/CMakeFiles/CMakeScratch/TryCompile-Drdcjo'
Building C object CMakeFiles/cmTC_acd4e.dir/src.c.o
/usr/bin/cc -Dflag_supported  -std=c99 -pipe -Wall -Wextra -Wpedantic -Wno-static-in-inline -Wno-overlength-strings -Wno-unused-parameter -Wno-maybe-uninitialized -Wc++-compat -Wformat -Wformat-security -Wformat-nonliteral -Wmissing-prototypes -Wstrict-prototypes -Wredundant-decls    -Wuninitialized -o CMakeFiles/cmTC_acd4e.dir/src.c.o -c /home/omar/source/repos/open62541_bindings/open62541_build/CMakeFiles/CMakeScratch/TryCompile-Drdcjo/src.c
Linking C executable cmTC_acd4e
/usr/bin/cmake -E cmake_link_script CMakeFiles/cmTC_acd4e.dir/link.txt --verbose=1
/usr/bin/cc  -std=c99 -pipe -Wall -Wextra -Wpedantic -Wno-static-in-inline -Wno-overlength-strings -Wno-unused-parameter -Wno-maybe-uninitialized -Wc++-compat -Wformat -Wformat-security -Wformat-nonliteral -Wmissing-prototypes -Wstrict-prototypes -Wredundant-decls  CMakeFiles/cmTC_acd4e.dir/src.c.o -o cmTC_acd4e 
gmake[1]: Leaving directory '/home/omar/source/repos/open62541_bindings/open62541_build/CMakeFiles/CMakeScratch/TryCompile-Drdcjo'


Source file was:
int main(void) { return 0; }

Performing C SOURCE FILE Test flag_supported succeeded with the following output:
Change Dir: /home/omar/source/repos/open62541_bindings/open62541_build/CMakeFiles/CMakeScratch/TryCompile-0HOl2h

Run Build Command(s):/usr/bin/gmake -f Makefile cmTC_62b1b/fast && /usr/bin/gmake  -f CMakeFiles/cmTC_62b1b.dir/build.make CMakeFiles/cmTC_62b1b.dir/build
gmake[1]: Entering directory '/home/omar/source/repos/open62541_bindings/open62541_build/CMakeFiles/CMakeScratch/TryCompile-0HOl2h'
Building C object CMakeFiles/cmTC_62b1b.dir/src.c.o
/usr/bin/cc -Dflag_supported  -std=c99 -pipe -Wall -Wextra -Wpedantic -Wno-static-in-inline -Wno-overlength-strings -Wno-unused-parameter -Wno-maybe-uninitialized -Wc++-compat -Wformat -Wformat-security -Wformat-nonliteral -Wmissing-prototypes -Wstrict-prototypes -Wredundant-decls -Wuninitialized    -Winit-self -o CMakeFiles/cmTC_62b1b.dir/src.c.o -c /home/omar/source/repos/open62541_bindings/open62541_build/CMakeFiles/CMakeScratch/TryCompile-0HOl2h/src.c
Linking C executable cmTC_62b1b
/usr/bin/cmake -E cmake_link_script CMakeFiles/cmTC_62b1b.dir/link.txt --verbose=1
/usr/bin/cc  -std=c99 -pipe -Wall -Wextra -Wpedantic -Wno-static-in-inline -Wno-overlength-strings -Wno-unused-parameter -Wno-maybe-uninitialized -Wc++-compat -Wformat -Wformat-security -Wformat-nonliteral -Wmissing-prototypes -Wstrict-prototypes -Wredundant-decls -Wuninitialized  CMakeFiles/cmTC_62b1b.dir/src.c.o -o cmTC_62b1b 
gmake[1]: Leaving directory '/home/omar/source/repos/open62541_bindings/open62541_build/CMakeFiles/CMakeScratch/TryCompile-0HOl2h'


Source file was:
int main(void) { return 0; }

Performing C SOURCE FILE Test flag_supported succeeded with the following output:
Change Dir: /home/omar/source/repos/open62541_bindings/open62541_build/CMakeFiles/CMakeScratch/TryCompile-X1O3lN

Run Build Command(s):/usr/bin/gmake -f Makefile cmTC_af893/fast && /usr/bin/gmake  -f CMakeFiles/cmTC_af893.dir/build.make CMakeFiles/cmTC_af893.dir/build
gmake[1]: Entering directory '/home/omar/source/repos/open62541_bindings/open62541_build/CMakeFiles/CMakeScratch/TryCompile-X1O3lN'
Building C object CMakeFiles/cmTC_af893.dir/src.c.o
/usr/bin/cc -Dflag_supported  -std=c99 -pipe -Wall -Wextra -Wpedantic -Wno-static-in-inline -Wno-overlength-strings -Wno-unused-parameter -Wno-maybe-uninitialized -Wc++-compat -Wformat -Wformat-security -Wformat-nonliteral -Wmissing-prototypes -Wstrict-prototypes -Wredundant-decls -Wuninitialized -Winit-self    -Wcast-qual -o CMakeFiles/cmTC_af893.dir/src.c.o -c /home/omar/source/repos/open62541_bindings/open62541_build/CMakeFiles/CMakeScratch/TryCompile-X1O3lN/src.c
Linking C executable cmTC_af893
/usr/bin/cmake -E cmake_link_script CMakeFiles/cmTC_af893.dir/link.txt --verbose=1
/usr/bin/cc  -std=c99 -pipe -Wall -Wextra -Wpedantic -Wno-static-in-inline -Wno-overlength-strings -Wno-unused-parameter -Wno-maybe-uninitialized -Wc++-compat -Wformat -Wformat-security -Wformat-nonliteral -Wmissing-prototypes -Wstrict-prototypes -Wredundant-decls -Wuninitialized -Winit-self  CMakeFiles/cmTC_af893.dir/src.c.o -o cmTC_af893 
gmake[1]: Leaving directory '/home/omar/source/repos/open62541_bindings/open62541_build/CMakeFiles/CMakeScratch/TryCompile-X1O3lN'


Source file was:
int main(void) { return 0; }

Performing C SOURCE FILE Test flag_supported succeeded with the following output:
Change Dir: /home/omar/source/repos/open62541_bindings/open62541_build/CMakeFiles/CMakeScratch/TryCompile-s4Lw9e

Run Build Command(s):/usr/bin/gmake -f Makefile cmTC_025ee/fast && /usr/bin/gmake  -f CMakeFiles/cmTC_025ee.dir/build.make CMakeFiles/cmTC_025ee.dir/build
gmake[1]: Entering directory '/home/omar/source/repos/open62541_bindings/open62541_build/CMakeFiles/CMakeScratch/TryCompile-s4Lw9e'
Building C object CMakeFiles/cmTC_025ee.dir/src.c.o
/usr/bin/cc -Dflag_supported  -std=c99 -pipe -Wall -Wextra -Wpedantic -Wno-static-in-inline -Wno-overlength-strings -Wno-unused-parameter -Wno-maybe-uninitialized -Wc++-compat -Wformat -Wformat-security -Wformat-nonliteral -Wmissing-prototypes -Wstrict-prototypes -Wredundant-decls -Wuninitialized -Winit-self -Wcast-qual    -Wstrict-overflow -o CMakeFiles/cmTC_025ee.dir/src.c.o -c /home/omar/source/repos/open62541_bindings/open62541_build/CMakeFiles/CMakeScratch/TryCompile-s4Lw9e/src.c
Linking C executable cmTC_025ee
/usr/bin/cmake -E cmake_link_script CMakeFiles/cmTC_025ee.dir/link.txt --verbose=1
/usr/bin/cc  -std=c99 -pipe -Wall -Wextra -Wpedantic -Wno-static-in-inline -Wno-overlength-strings -Wno-unused-parameter -Wno-maybe-uninitialized -Wc++-compat -Wformat -Wformat-security -Wformat-nonliteral -Wmissing-prototypes -Wstrict-prototypes -Wredundant-decls -Wuninitialized -Winit-self -Wcast-qual  CMakeFiles/cmTC_025ee.dir/src.c.o -o cmTC_025ee 
gmake[1]: Leaving directory '/home/omar/source/repos/open62541_bindings/open62541_build/CMakeFiles/CMakeScratch/TryCompile-s4Lw9e'


Source file was:
int main(void) { return 0; }

Performing C SOURCE FILE Test flag_supported succeeded with the following output:
Change Dir: /home/omar/source/repos/open62541_bindings/open62541_build/CMakeFiles/CMakeScratch/TryCompile-wKneYa

Run Build Command(s):/usr/bin/gmake -f Makefile cmTC_071da/fast && /usr/bin/gmake  -f CMakeFiles/cmTC_071da.dir/build.make CMakeFiles/cmTC_071da.dir/build
gmake[1]: Entering directory '/home/omar/source/repos/open62541_bindings/open62541_build/CMakeFiles/CMakeScratch/TryCompile-wKneYa'
Building C object CMakeFiles/cmTC_071da.dir/src.c.o
/usr/bin/cc -Dflag_supported  -std=c99 -pipe -Wall -Wextra -Wpedantic -Wno-static-in-inline -Wno-overlength-strings -Wno-unused-parameter -Wno-maybe-uninitialized -Wc++-compat -Wformat -Wformat-security -Wformat-nonliteral -Wmissing-prototypes -Wstrict-prototypes -Wredundant-decls -Wuninitialized -Winit-self -Wcast-qual -Wstrict-overflow    -Wnested-externs -o CMakeFiles/cmTC_071da.dir/src.c.o -c /home/omar/source/repos/open62541_bindings/open62541_build/CMakeFiles/CMakeScratch/TryCompile-wKneYa/src.c
Linking C executable cmTC_071da
/usr/bin/cmake -E cmake_link_script CMakeFiles/cmTC_071da.dir/link.txt --verbose=1
/usr/bin/cc  -std=c99 -pipe -Wall -Wextra -Wpedantic -Wno-static-in-inline -Wno-overlength-strings -Wno-unused-parameter -Wno-maybe-uninitialized -Wc++-compat -Wformat -Wformat-security -Wformat-nonliteral -Wmissing-prototypes -Wstrict-prototypes -Wredundant-decls -Wuninitialized -Winit-self -Wcast-qual -Wstrict-overflow  CMakeFiles/cmTC_071da.dir/src.c.o -o cmTC_071da 
gmake[1]: Leaving directory '/home/omar/source/repos/open62541_bindings/open62541_build/CMakeFiles/CMakeScratch/TryCompile-wKneYa'


Source file was:
int main(void) { return 0; }

Performing C SOURCE FILE Test flag_supported succeeded with the following output:
Change Dir: /home/omar/source/repos/open62541_bindings/open62541_build/CMakeFiles/CMakeScratch/TryCompile-H74Sf9

Run Build Command(s):/usr/bin/gmake -f Makefile cmTC_3476d/fast && /usr/bin/gmake  -f CMakeFiles/cmTC_3476d.dir/build.make CMakeFiles/cmTC_3476d.dir/build
gmake[1]: Entering directory '/home/omar/source/repos/open62541_bindings/open62541_build/CMakeFiles/CMakeScratch/TryCompile-H74Sf9'
Building C object CMakeFiles/cmTC_3476d.dir/src.c.o
/usr/bin/cc -Dflag_supported  -std=c99 -pipe -Wall -Wextra -Wpedantic -Wno-static-in-inline -Wno-overlength-strings -Wno-unused-parameter -Wno-maybe-uninitialized -Wc++-compat -Wformat -Wformat-security -Wformat-nonliteral -Wmissing-prototypes -Wstrict-prototypes -Wredundant-decls -Wuninitialized -Winit-self -Wcast-qual -Wstrict-overflow -Wnested-externs    -Wmultichar -o CMakeFiles/cmTC_3476d.dir/src.c.o -c /home/omar/source/repos/open62541_bindings/open62541_build/CMakeFiles/CMakeScratch/TryCompile-H74Sf9/src.c
Linking C executable cmTC_3476d
/usr/bin/cmake -E cmake_link_script CMakeFiles/cmTC_3476d.dir/link.txt --verbose=1
/usr/bin/cc  -std=c99 -pipe -Wall -Wextra -Wpedantic -Wno-static-in-inline -Wno-overlength-strings -Wno-unused-parameter -Wno-maybe-uninitialized -Wc++-compat -Wformat -Wformat-security -Wformat-nonliteral -Wmissing-prototypes -Wstrict-prototypes -Wredundant-decls -Wuninitialized -Winit-self -Wcast-qual -Wstrict-overflow -Wnested-externs  CMakeFiles/cmTC_3476d.dir/src.c.o -o cmTC_3476d 
gmake[1]: Leaving directory '/home/omar/source/repos/open62541_bindings/open62541_build/CMakeFiles/CMakeScratch/TryCompile-H74Sf9'


Source file was:
int main(void) { return 0; }

Performing C SOURCE FILE Test flag_supported succeeded with the following output:
Change Dir: /home/omar/source/repos/open62541_bindings/open62541_build/CMakeFiles/CMakeScratch/TryCompile-8wBZrY

Run Build Command(s):/usr/bin/gmake -f Makefile cmTC_54668/fast && /usr/bin/gmake  -f CMakeFiles/cmTC_54668.dir/build.make CMakeFiles/cmTC_54668.dir/build
gmake[1]: Entering directory '/home/omar/source/repos/open62541_bindings/open62541_build/CMakeFiles/CMakeScratch/TryCompile-8wBZrY'
Building C object CMakeFiles/cmTC_54668.dir/src.c.o
/usr/bin/cc -Dflag_supported  -std=c99 -pipe -Wall -Wextra -Wpedantic -Wno-static-in-inline -Wno-overlength-strings -Wno-unused-parameter -Wno-maybe-uninitialized -Wc++-compat -Wformat -Wformat-security -Wformat-nonliteral -Wmissing-prototypes -Wstrict-prototypes -Wredundant-decls -Wuninitialized -Winit-self -Wcast-qual -Wstrict-overflow -Wnested-externs -Wmultichar    -Wundef -o CMakeFiles/cmTC_54668.dir/src.c.o -c /home/omar/source/repos/open62541_bindings/open62541_build/CMakeFiles/CMakeScratch/TryCompile-8wBZrY/src.c
Linking C executable cmTC_54668
/usr/bin/cmake -E cmake_link_script CMakeFiles/cmTC_54668.dir/link.txt --verbose=1
/usr/bin/cc  -std=c99 -pipe -Wall -Wextra -Wpedantic -Wno-static-in-inline -Wno-overlength-strings -Wno-unused-parameter -Wno-maybe-uninitialized -Wc++-compat -Wformat -Wformat-security -Wformat-nonliteral -Wmissing-prototypes -Wstrict-prototypes -Wredundant-decls -Wuninitialized -Winit-self -Wcast-qual -Wstrict-overflow -Wnested-externs -Wmultichar  CMakeFiles/cmTC_54668.dir/src.c.o -o cmTC_54668 
gmake[1]: Leaving directory '/home/omar/source/repos/open62541_bindings/open62541_build/CMakeFiles/CMakeScratch/TryCompile-8wBZrY'


Source file was:
int main(void) { return 0; }

Performing C SOURCE FILE Test flag_supported succeeded with the following output:
Change Dir: /home/omar/source/repos/open62541_bindings/open62541_build/CMakeFiles/CMakeScratch/TryCompile-5XJZ0z

Run Build Command(s):/usr/bin/gmake -f Makefile cmTC_3a9d7/fast && /usr/bin/gmake  -f CMakeFiles/cmTC_3a9d7.dir/build.make CMakeFiles/cmTC_3a9d7.dir/build
gmake[1]: Entering directory '/home/omar/source/repos/open62541_bindings/open62541_build/CMakeFiles/CMakeScratch/TryCompile-5XJZ0z'
Building C object CMakeFiles/cmTC_3a9d7.dir/src.c.o
/usr/bin/cc -Dflag_supported  -std=c99 -pipe -Wall -Wextra -Wpedantic -Wno-static-in-inline -Wno-overlength-strings -Wno-unused-parameter -Wno-maybe-uninitialized -Wc++-compat -Wformat -Wformat-security -Wformat-nonliteral -Wmissing-prototypes -Wstrict-prototypes -Wredundant-decls -Wuninitialized -Winit-self -Wcast-qual -Wstrict-overflow -Wnested-externs -Wmultichar -Wundef    -fno-strict-aliasing -o CMakeFiles/cmTC_3a9d7.dir/src.c.o -c /home/omar/source/repos/open62541_bindings/open62541_build/CMakeFiles/CMakeScratch/TryCompile-5XJZ0z/src.c
Linking C executable cmTC_3a9d7
/usr/bin/cmake -E cmake_link_script CMakeFiles/cmTC_3a9d7.dir/link.txt --verbose=1
/usr/bin/cc  -std=c99 -pipe -Wall -Wextra -Wpedantic -Wno-static-in-inline -Wno-overlength-strings -Wno-unused-parameter -Wno-maybe-uninitialized -Wc++-compat -Wformat -Wformat-security -Wformat-nonliteral -Wmissing-prototypes -Wstrict-prototypes -Wredundant-decls -Wuninitialized -Winit-self -Wcast-qual -Wstrict-overflow -Wnested-externs -Wmultichar -Wundef  CMakeFiles/cmTC_3a9d7.dir/src.c.o -o cmTC_3a9d7 
gmake[1]: Leaving directory '/home/omar/source/repos/open62541_bindings/open62541_build/CMakeFiles/CMakeScratch/TryCompile-5XJZ0z'


Source file was:
int main(void) { return 0; }

Performing C SOURCE FILE Test flag_supported succeeded with the following output:
Change Dir: /home/omar/source/repos/open62541_bindings/open62541_build/CMakeFiles/CMakeScratch/TryCompile-HecKFW

Run Build Command(s):/usr/bin/gmake -f Makefile cmTC_ad9ec/fast && /usr/bin/gmake  -f CMakeFiles/cmTC_ad9ec.dir/build.make CMakeFiles/cmTC_ad9ec.dir/build
gmake[1]: Entering directory '/home/omar/source/repos/open62541_bindings/open62541_build/CMakeFiles/CMakeScratch/TryCompile-HecKFW'
Building C object CMakeFiles/cmTC_ad9ec.dir/src.c.o
/usr/bin/cc -Dflag_supported  -std=c99 -pipe -Wall -Wextra -Wpedantic -Wno-static-in-inline -Wno-overlength-strings -Wno-unused-parameter -Wno-maybe-uninitialized -Wc++-compat -Wformat -Wformat-security -Wformat-nonliteral -Wmissing-prototypes -Wstrict-prototypes -Wredundant-decls -Wuninitialized -Winit-self -Wcast-qual -Wstrict-overflow -Wnested-externs -Wmultichar -Wundef -fno-strict-aliasing    -fexceptions -o CMakeFiles/cmTC_ad9ec.dir/src.c.o -c /home/omar/source/repos/open62541_bindings/open62541_build/CMakeFiles/CMakeScratch/TryCompile-HecKFW/src.c
Linking C executable cmTC_ad9ec
/usr/bin/cmake -E cmake_link_script CMakeFiles/cmTC_ad9ec.dir/link.txt --verbose=1
/usr/bin/cc  -std=c99 -pipe -Wall -Wextra -Wpedantic -Wno-static-in-inline -Wno-overlength-strings -Wno-unused-parameter -Wno-maybe-uninitialized -Wc++-compat -Wformat -Wformat-security -Wformat-nonliteral -Wmissing-prototypes -Wstrict-prototypes -Wredundant-decls -Wuninitialized -Winit-self -Wcast-qual -Wstrict-overflow -Wnested-externs -Wmultichar -Wundef -fno-strict-aliasing  CMakeFiles/cmTC_ad9ec.dir/src.c.o -o cmTC_ad9ec 
gmake[1]: Leaving directory '/home/omar/source/repos/open62541_bindings/open62541_build/CMakeFiles/CMakeScratch/TryCompile-HecKFW'


Source file was:
int main(void) { return 0; }

Performing C SOURCE FILE Test flag_supported succeeded with the following output:
Change Dir: /home/omar/source/repos/open62541_bindings/open62541_build/CMakeFiles/CMakeScratch/TryCompile-4QitE5

Run Build Command(s):/usr/bin/gmake -f Makefile cmTC_dca26/fast && /usr/bin/gmake  -f CMakeFiles/cmTC_dca26.dir/build.make CMakeFiles/cmTC_dca26.dir/build
gmake[1]: Entering directory '/home/omar/source/repos/open62541_bindings/open62541_build/CMakeFiles/CMakeScratch/TryCompile-4QitE5'
Building C object CMakeFiles/cmTC_dca26.dir/src.c.o
/usr/bin/cc -Dflag_supported  -std=c99 -pipe -Wall -Wextra -Wpedantic -Wno-static-in-inline -Wno-overlength-strings -Wno-unused-parameter -Wno-maybe-uninitialized -Wc++-compat -Wformat -Wformat-security -Wformat-nonliteral -Wmissing-prototypes -Wstrict-prototypes -Wredundant-decls -Wuninitialized -Winit-self -Wcast-qual -Wstrict-overflow -Wnested-externs -Wmultichar -Wundef -fno-strict-aliasing -fexceptions -fPIC    -fstack-protector-strong -o CMakeFiles/cmTC_dca26.dir/src.c.o -c /home/omar/source/repos/open62541_bindings/open62541_build/CMakeFiles/CMakeScratch/TryCompile-4QitE5/src.c
Linking C executable cmTC_dca26
/usr/bin/cmake -E cmake_link_script CMakeFiles/cmTC_dca26.dir/link.txt --verbose=1
/usr/bin/cc  -std=c99 -pipe -Wall -Wextra -Wpedantic -Wno-static-in-inline -Wno-overlength-strings -Wno-unused-parameter -Wno-maybe-uninitialized -Wc++-compat -Wformat -Wformat-security -Wformat-nonliteral -Wmissing-prototypes -Wstrict-prototypes -Wredundant-decls -Wuninitialized -Winit-self -Wcast-qual -Wstrict-overflow -Wnested-externs -Wmultichar -Wundef -fno-strict-aliasing -fexceptions -fPIC  CMakeFiles/cmTC_dca26.dir/src.c.o -o cmTC_dca26 
gmake[1]: Leaving directory '/home/omar/source/repos/open62541_bindings/open62541_build/CMakeFiles/CMakeScratch/TryCompile-4QitE5'


Source file was:
int main(void) { return 0; }

Performing C SOURCE FILE Test flag_supported succeeded with the following output:
Change Dir: /home/omar/source/repos/open62541_bindings/open62541_build/CMakeFiles/CMakeScratch/TryCompile-ddQAWb

Run Build Command(s):/usr/bin/gmake -f Makefile cmTC_a1577/fast && /usr/bin/gmake  -f CMakeFiles/cmTC_a1577.dir/build.make CMakeFiles/cmTC_a1577.dir/build
gmake[1]: Entering directory '/home/omar/source/repos/open62541_bindings/open62541_build/CMakeFiles/CMakeScratch/TryCompile-ddQAWb'
Building C object CMakeFiles/cmTC_a1577.dir/src.c.o
/usr/bin/cc -Dflag_supported  -std=c99 -pipe -Wall -Wextra -Wpedantic -Wno-static-in-inline -Wno-overlength-strings -Wno-unused-parameter -Wno-maybe-uninitialized -Wc++-compat -Wformat -Wformat-security -Wformat-nonliteral -Wmissing-prototypes -Wstrict-prototypes -Wredundant-decls -Wuninitialized -Winit-self -Wcast-qual -Wstrict-overflow -Wnested-externs -Wmultichar -Wundef -fno-strict-aliasing -fexceptions -fPIC -fstack-protector-strong    -fstack-clash-protection -o CMakeFiles/cmTC_a1577.dir/src.c.o -c /home/omar/source/repos/open62541_bindings/open62541_build/CMakeFiles/CMakeScratch/TryCompile-ddQAWb/src.c
Linking C executable cmTC_a1577
/usr/bin/cmake -E cmake_link_script CMakeFiles/cmTC_a1577.dir/link.txt --verbose=1
/usr/bin/cc  -std=c99 -pipe -Wall -Wextra -Wpedantic -Wno-static-in-inline -Wno-overlength-strings -Wno-unused-parameter -Wno-maybe-uninitialized -Wc++-compat -Wformat -Wformat-security -Wformat-nonliteral -Wmissing-prototypes -Wstrict-prototypes -Wredundant-decls -Wuninitialized -Winit-self -Wcast-qual -Wstrict-overflow -Wnested-externs -Wmultichar -Wundef -fno-strict-aliasing -fexceptions -fPIC -fstack-protector-strong  CMakeFiles/cmTC_a1577.dir/src.c.o -o cmTC_a1577 
gmake[1]: Leaving directory '/home/omar/source/repos/open62541_bindings/open62541_build/CMakeFiles/CMakeScratch/TryCompile-ddQAWb'


Source file was:
int main(void) { return 0; }

Performing C SOURCE FILE Test flag_supported succeeded with the following output:
Change Dir: /home/omar/source/repos/open62541_bindings/open62541_build/CMakeFiles/CMakeScratch/TryCompile-uIXYeq

Run Build Command(s):/usr/bin/gmake -f Makefile cmTC_10e61/fast && /usr/bin/gmake  -f CMakeFiles/cmTC_10e61.dir/build.make CMakeFiles/cmTC_10e61.dir/build
gmake[1]: Entering directory '/home/omar/source/repos/open62541_bindings/open62541_build/CMakeFiles/CMakeScratch/TryCompile-uIXYeq'
Building C object CMakeFiles/cmTC_10e61.dir/src.c.o
/usr/bin/cc -Dflag_supported  -std=c99 -pipe -Wall -Wextra -Wpedantic -Wno-static-in-inline -Wno-overlength-strings -Wno-unused-parameter -Wno-maybe-uninitialized -Wc++-compat -Wformat -Wformat-security -Wformat-nonliteral -Wmissing-prototypes -Wstrict-prototypes -Wredundant-decls -Wuninitialized -Winit-self -Wcast-qual -Wstrict-overflow -Wnested-externs -Wmultichar -Wundef -fno-strict-aliasing -fexceptions -fPIC -fstack-protector-strong -fstack-clash-protection    -fcf-protection -o CMakeFiles/cmTC_10e61.dir/src.c.o -c /home/omar/source/repos/open62541_bindings/open62541_build/CMakeFiles/CMakeScratch/TryCompile-uIXYeq/src.c
Linking C executable cmTC_10e61
/usr/bin/cmake -E cmake_link_script CMakeFiles/cmTC_10e61.dir/link.txt --verbose=1
/usr/bin/cc  -std=c99 -pipe -Wall -Wextra -Wpedantic -Wno-static-in-inline -Wno-overlength-strings -Wno-unused-parameter -Wno-maybe-uninitialized -Wc++-compat -Wformat -Wformat-security -Wformat-nonliteral -Wmissing-prototypes -Wstrict-prototypes -Wredundant-decls -Wuninitialized -Winit-self -Wcast-qual -Wstrict-overflow -Wnested-externs -Wmultichar -Wundef -fno-strict-aliasing -fexceptions -fPIC -fstack-protector-strong -fstack-clash-protection  CMakeFiles/cmTC_10e61.dir/src.c.o -o cmTC_10e61 
gmake[1]: Leaving directory '/home/omar/source/repos/open62541_bindings/open62541_build/CMakeFiles/CMakeScratch/TryCompile-uIXYeq'


Source file was:
int main(void) { return 0; }

